<?xml version="1.0" encoding="UTF-8"?>
<!-- Generated by org.testng.reporters.JUnitXMLReporter -->
<testsuite ignored="0" hostname="Rashmis-MacBook-Pro.local" failures="0" tests="4" name="Default test" time="3.384" errors="0" timestamp="2022-10-16T10:39:28 CDT">
  <testcase classname="homework.Homework2" name="loginApplication" time="0.951"/>
  <testcase classname="homework.Homework2" name="openTransactions" time="0.241"/>
  <testcase classname="homework.Homework2" name="openNewDeposit" time="0.479"/>
  <testcase classname="homework.Homework2" name="fillFormForDeposit" time="1.677"/>
</testsuite> <!-- Default test -->
