<?xml version="1.0" encoding="UTF-8"?>
<!-- Generated by org.testng.reporters.JUnitXMLReporter -->
<testsuite ignored="0" hostname="Rashmis-MacBook-Pro.local" failures="0" tests="3" name="Default test" time="9.019" errors="0" timestamp="2022-10-17T18:04:14 CDT">
  <testcase classname="test.NewCustomerTest" name="validUserShouldBeAbleToLogin" time="3.649"/>
  <testcase classname="test.NewCustomerTest" name="checkDashboardLaunch" time="0.841"/>
  <testcase classname="test.NewCustomerTest" name="checkNewCustomerCreation" time="4.494"/>
</testsuite> <!-- Default test -->
